
> mind-map-sv@0.0.1 build-storybook /Users/rockysims/Sites/mind-map-turbo/apps/mind-map-sv
> storybook build --output-dir=/var/folders/0p/68qtlpkn1r79wd56589dc6jc0000gn/T/chromatic--55884-caH5rJPRMqUr


[90m┌[39m  Building storybook v10.2.11
[90m│[39m
[32m◇[39m  Cleaning outputDir:
[90m│[39m  [36m../../../../../../var/folders/0p/68qtlpkn1r79wd56589dc6jc0000gn/T/chromatic--55884-caH5rJPRMqUr[39m
[90m│[39m
[32m◇[39m  Loading presets
[90m│[39m
[32m◇[39m  Building manager..
[90m│[39m
[34m●[39m  Building preview..
[90m│[39m  [43mVite[49m [36mvite v7.3.1 [32mbuilding client environment for production...[36m[39m
[90m│[39m  [43mVite[49m transforming...
[90m│[39m  [43mVite[49m [32m✓[39m 1302 modules transformed.
[90m│[39m  [43mVite[49m rendering chunks...
[90m│[39m  [43mVite[49m computing gzip size...
[90m│[39m  [43mVite[49m
[90m│[39m  [2m../../../../../../var/folders/0p/68qtlpkn1r79wd56589dc6jc0000gn/T/chromatic--55884-caH5rJPRMqUr/[22m[2massets/[22m[32mcontext-C0qIqeS4.png[39m[1m[2m[22m
[90m│[39m  [2m6.12 kB[22m[1m[22m
[90m│[39m  [43mVite[49m
[90m│[39m  [2m../../../../../../var/folders/0p/68qtlpkn1r79wd56589dc6jc0000gn/T/chromatic--55884-caH5rJPRMqUr/[22m[2massets/[22m[32mstyling-Bk6zjRzU.png[39m[1m[2m[22m
[90m│[39m  [2m7.24 kB[22m[1m[22m
[90m│[39m  [43mVite[49m
[90m│[39m  [2m../../../../../../var/folders/0p/68qtlpkn1r79wd56589dc6jc0000gn/T/chromatic--55884-caH5rJPRMqUr/[22m[32miframe.html[39m[1m[2m[22m
[90m│[39m  [2m18.59 kB[22m[1m[22m[2m │ gzip:   5.24 kB[22m
[90m│[39m  [43mVite[49m
[90m│[39m  [2m../../../../../../var/folders/0p/68qtlpkn1r79wd56589dc6jc0000gn/T/chromatic--55884-caH5rJPRMqUr/[22m[2massets/[22m[32mdocs---vsFbMi.png[39m[1m[2m[22m
[90m│[39m  [2m27.88 kB[22m[1m[22m
[90m│[39m  [43mVite[49m
[90m│[39m  [2m../../../../../../var/folders/0p/68qtlpkn1r79wd56589dc6jc0000gn/T/chromatic--55884-caH5rJPRMqUr/[22m[2massets/[22m[32mshare-DGA-UcQf.png[39m[1m[2m[22m
[90m│[39m  [2m40.77 kB[22m[1m[22m
[90m│[39m  [43mVite[49m
[90m│[39m  [2m../../../../../../var/folders/0p/68qtlpkn1r79wd56589dc6jc0000gn/T/chromatic--55884-caH5rJPRMqUr/[22m[2massets/[22m[32maccessibility-W_h2acOZ.png[39m[1m[2m[22m
[90m│[39m  [2m42.34 kB[22m[1m[22m
[90m│[39m  [43mVite[49m
[90m│[39m  [2m../../../../../../var/folders/0p/68qtlpkn1r79wd56589dc6jc0000gn/T/chromatic--55884-caH5rJPRMqUr/[22m[2massets/[22m[32mfigma-plugin-CH2hELiO.png[39m[1m[2m[22m
[90m│[39m  [2m44.25 kB[22m[1m[22m
[90m│[39m  [43mVite[49m
[90m│[39m  [2m../../../../../../var/folders/0p/68qtlpkn1r79wd56589dc6jc0000gn/T/chromatic--55884-caH5rJPRMqUr/[22m[2massets/[22m[32mtheming-D6WJLNoW.png[39m[1m[2m[22m
[90m│[39m  [2m44.37 kB[22m[1m[22m
[90m│[39m  [43mVite[49m
[90m│[39m  [2m../../../../../../var/folders/0p/68qtlpkn1r79wd56589dc6jc0000gn/T/chromatic--55884-caH5rJPRMqUr/[22m[2massets/[22m[32mtesting-cbzR9l9r.png[39m[1m[2m[22m
[90m│[39m  [2m49.31 kB[22m[1m[22m
[90m│[39m  [43mVite[49m
[90m│[39m  [2m../../../../../../var/folders/0p/68qtlpkn1r79wd56589dc6jc0000gn/T/chromatic--55884-caH5rJPRMqUr/[22m[2massets/[22m[32maddon-library-BWUCAmyN.png[39m
[90m│[39m  [32m[39m[1m[2m467.37 kB[22m[1m[22m
[90m│[39m  [43mVite[49m
[90m│[39m  [2m../../../../../../var/folders/0p/68qtlpkn1r79wd56589dc6jc0000gn/T/chromatic--55884-caH5rJPRMqUr/[22m[2massets/[22m[35mSquareText-BGWdpjFD.css[39m[1m[2m[22m
[90m│[39m  [2m0.20 kB[22m[1m[22m[2m │ gzip:   0.15 kB[22m
[90m│[39m  [43mVite[49m
[90m│[39m  [2m../../../../../../var/folders/0p/68qtlpkn1r79wd56589dc6jc0000gn/T/chromatic--55884-caH5rJPRMqUr/[22m[2massets/[22m[35mMultigraph-Bb1BTWLz.css[39m[1m[2m[22m
[90m│[39m  [2m0.21 kB[22m[1m[22m[2m │ gzip:   0.15 kB[22m
[90m│[39m  [43mVite[49m
[90m│[39m  [2m../../../../../../var/folders/0p/68qtlpkn1r79wd56589dc6jc0000gn/T/chromatic--55884-caH5rJPRMqUr/[22m[2massets/[22m[35mHeader-Ck-SSN7O.css[39m[1m[2m[22m
[90m│[39m  [2m0.51 kB[22m[1m[22m[2m │ gzip:   0.30 kB[22m
[90m│[39m  [43mVite[49m
[90m│[39m  [2m../../../../../../var/folders/0p/68qtlpkn1r79wd56589dc6jc0000gn/T/chromatic--55884-caH5rJPRMqUr/[22m[2massets/[22m[35mButton-B2efaGtC.css[39m[1m[2m[22m
[90m│[39m  [2m0.52 kB[22m[1m[22m[2m │ gzip:   0.29 kB[22m
[90m│[39m  [43mVite[49m
[90m│[39m  [2m../../../../../../var/folders/0p/68qtlpkn1r79wd56589dc6jc0000gn/T/chromatic--55884-caH5rJPRMqUr/[22m[2massets/[22m[35mPage-CeeQJVdd.css[39m[1m[2m[22m
[90m│[39m  [2m0.91 kB[22m[1m[22m[2m │ gzip:   0.39 kB[22m
[90m│[39m  [43mVite[49m
[90m│[39m  [2m../../../../../../var/folders/0p/68qtlpkn1r79wd56589dc6jc0000gn/T/chromatic--55884-caH5rJPRMqUr/[22m[2massets/[22m[35mNode-BUTzj_O-.css[39m[1m[2m[22m
[90m│[39m  [2m1.09 kB[22m[1m[22m[2m │ gzip:   0.39 kB[22m
[90m│[39m  [43mVite[49m
[90m│[39m  [2m../../../../../../var/folders/0p/68qtlpkn1r79wd56589dc6jc0000gn/T/chromatic--55884-caH5rJPRMqUr/[22m[2massets/[22m[35miframe-BNq-_iJE.css[39m[1m[2m[22m
[90m│[39m  [2m22.47 kB[22m[1m[22m[2m │ gzip:   4.89 kB[22m
[90m│[39m  [43mVite[49m
[90m│[39m  [2m../../../../../../var/folders/0p/68qtlpkn1r79wd56589dc6jc0000gn/T/chromatic--55884-caH5rJPRMqUr/[22m[2massets/[22m[36m_commonjsHelpers-CqkleIqs.js[39m[1m[2m[22m
[90m│[39m  [2m0.12 kB[22m[1m[22m[2m │ gzip:   0.13 kB[22m
[90m│[39m  [43mVite[49m
[90m│[39m  [2m../../../../../../var/folders/0p/68qtlpkn1r79wd56589dc6jc0000gn/T/chromatic--55884-caH5rJPRMqUr/[22m[2massets/[22m[36mformatter-EIJCOSYU-A6WWMBV8.js[39m[1m[2m[22m
[90m│[39m  [2m0.25 kB[22m[1m[22m[2m │ gzip:   0.21 kB[22m
[90m│[39m  [43mVite[49m
[90m│[39m  [2m../../../../../../var/folders/0p/68qtlpkn1r79wd56589dc6jc0000gn/T/chromatic--55884-caH5rJPRMqUr/[22m[2massets/[22m[36mthis-RjOXb2sF.js[39m[1m[2m[22m
[90m│[39m  [2m0.31 kB[22m[1m[22m[2m │ gzip:   0.22 kB[22m
[90m│[39m  [43mVite[49m
[90m│[39m  [2m../../../../../../var/folders/0p/68qtlpkn1r79wd56589dc6jc0000gn/T/chromatic--55884-caH5rJPRMqUr/[22m[2massets/[22m[36mindex-bWrZ0RCe.js[39m[1m[2m[22m
[90m│[39m  [2m0.53 kB[22m[1m[22m[2m │ gzip:   0.33 kB[22m
[90m│[39m  [43mVite[49m
[90m│[39m  [2m../../../../../../var/folders/0p/68qtlpkn1r79wd56589dc6jc0000gn/T/chromatic--55884-caH5rJPRMqUr/[22m[2massets/[22m[36mHeader.stories-s3VABgzM.js[39m[1m[2m[22m
[90m│[39m  [2m1.05 kB[22m[1m[22m[2m │ gzip:   0.61 kB[22m
[90m│[39m  [43mVite[49m
[90m│[39m  [2m../../../../../../var/folders/0p/68qtlpkn1r79wd56589dc6jc0000gn/T/chromatic--55884-caH5rJPRMqUr/[22m[2massets/[22m[36mpreload-helper-PPVm8Dsz.js[39m[1m[2m[22m
[90m│[39m  [2m1.23 kB[22m[1m[22m[2m │ gzip:   0.71 kB[22m
[90m│[39m  [43mVite[49m
[90m│[39m  [2m../../../../../../var/folders/0p/68qtlpkn1r79wd56589dc6jc0000gn/T/chromatic--55884-caH5rJPRMqUr/[22m[2massets/[22m[36mSquareText.stories-BZFrw6u5.js[39m[1m[2m[22m
[90m│[39m  [2m1.28 kB[22m[1m[22m[2m │ gzip:   0.70 kB[22m
[90m│[39m  [43mVite[49m
[90m│[39m  [2m../../../../../../var/folders/0p/68qtlpkn1r79wd56589dc6jc0000gn/T/chromatic--55884-caH5rJPRMqUr/[22m[2massets/[22m[36mButton.stories-BQhDPjD7.js[39m[1m[2m[22m
[90m│[39m  [2m1.58 kB[22m[1m[22m[2m │ gzip:   0.76 kB[22m
[90m│[39m  [43mVite[49m
[90m│[39m  [2m../../../../../../var/folders/0p/68qtlpkn1r79wd56589dc6jc0000gn/T/chromatic--55884-caH5rJPRMqUr/[22m[2massets/[22m[36mSquareText-C57952T7.js[39m[1m[2m[22m
[90m│[39m  [2m1.74 kB[22m[1m[22m[2m │ gzip:   0.84 kB[22m
[90m│[39m  [43mVite[49m
[90m│[39m  [2m../../../../../../var/folders/0p/68qtlpkn1r79wd56589dc6jc0000gn/T/chromatic--55884-caH5rJPRMqUr/[22m[2massets/[22m[36mNode-fUTvbUMm.js[39m[1m[2m[22m
[90m│[39m  [2m1.75 kB[22m[1m[22m[2m │ gzip:   0.88 kB[22m
[90m│[39m  [43mVite[49m
[90m│[39m  [2m../../../../../../var/folders/0p/68qtlpkn1r79wd56589dc6jc0000gn/T/chromatic--55884-caH5rJPRMqUr/[22m[2massets/[22m[36mHeader-DK9ySwHF.js[39m[1m[2m[22m
[90m│[39m  [2m1.79 kB[22m[1m[22m[2m │ gzip:   0.89 kB[22m
[90m│[39m  [43mVite[49m
[90m│[39m  [2m../../../../../../var/folders/0p/68qtlpkn1r79wd56589dc6jc0000gn/T/chromatic--55884-caH5rJPRMqUr/[22m[2massets/[22m[36mButton-CxLhUjEW.js[39m[1m[2m[22m
[90m│[39m  [2m1.84 kB[22m[1m[22m[2m │ gzip:   0.76 kB[22m
[90m│[39m  [43mVite[49m
[90m│[39m  [2m../../../../../../var/folders/0p/68qtlpkn1r79wd56589dc6jc0000gn/T/chromatic--55884-caH5rJPRMqUr/[22m[2massets/[22m[36mPage.stories-Dpspdzqr.js[39m[1m[2m[22m
[90m│[39m  [2m3.21 kB[22m[1m[22m[2m │ gzip:   1.66 kB[22m
[90m│[39m  [43mVite[49m
[90m│[39m  [2m../../../../../../var/folders/0p/68qtlpkn1r79wd56589dc6jc0000gn/T/chromatic--55884-caH5rJPRMqUr/[22m[2massets/[22m[36mMultigraph.stories-BfvrmvWU.js[39m[1m[2m[22m
[90m│[39m  [2m3.63 kB[22m[1m[22m[2m │ gzip:   1.70 kB[22m
[90m│[39m  [43mVite[49m
[90m│[39m  [2m../../../../../../var/folders/0p/68qtlpkn1r79wd56589dc6jc0000gn/T/chromatic--55884-caH5rJPRMqUr/[22m[2massets/[22m[36mattributes-pfo0W1Mb.js[39m[1m[2m[22m
[90m│[39m  [2m3.95 kB[22m[1m[22m[2m │ gzip:   1.92 kB[22m
[90m│[39m  [43mVite[49m
[90m│[39m  [2m../../../../../../var/folders/0p/68qtlpkn1r79wd56589dc6jc0000gn/T/chromatic--55884-caH5rJPRMqUr/[22m[2massets/[22m[36mNode.stories-vXY-PD5d.js[39m[1m[2m[22m
[90m│[39m  [2m4.94 kB[22m[1m[22m[2m │ gzip:   1.69 kB[22m
[90m│[39m  [43mVite[49m
[90m│[39m  [2m../../../../../../var/folders/0p/68qtlpkn1r79wd56589dc6jc0000gn/T/chromatic--55884-caH5rJPRMqUr/[22m[2massets/[22m[36mcreate-runtime-stories-YGbjTld1.js[39m[1m[2m[22m
[90m│[39m  [2m11.14 kB[22m[1m[22m[2m │ gzip:   4.85 kB[22m
[90m│[39m  [43mVite[49m
[90m│[39m  [2m../../../../../../var/folders/0p/68qtlpkn1r79wd56589dc6jc0000gn/T/chromatic--55884-caH5rJPRMqUr/[22m[2massets/[22m[36mConfigure-CE5TsLao.js[39m[1m[2m[22m
[90m│[39m  [2m25.62 kB[22m[1m[22m[2m │ gzip:  10.97 kB[22m
[90m│[39m  [43mVite[49m
[90m│[39m  [2m../../../../../../var/folders/0p/68qtlpkn1r79wd56589dc6jc0000gn/T/chromatic--55884-caH5rJPRMqUr/[22m[36mvite-inject-mocker-entry.js[39m[1m[2m[22m
[90m│[39m  [2m28.11 kB[22m[1m[22m[2m │ gzip:   9.82 kB[22m
[90m│[39m  [43mVite[49m
[90m│[39m  [2m../../../../../../var/folders/0p/68qtlpkn1r79wd56589dc6jc0000gn/T/chromatic--55884-caH5rJPRMqUr/[22m[2massets/[22m[36mmatchers-5TDFFDYO-HJu_DfWo.js[39m[1m[2m[22m
[90m│[39m  [2m29.23 kB[22m[1m[22m[2m │ gzip:  10.06 kB[22m
[90m│[39m  [43mVite[49m
[90m│[39m  [2m../../../../../../var/folders/0p/68qtlpkn1r79wd56589dc6jc0000gn/T/chromatic--55884-caH5rJPRMqUr/[22m[2massets/[22m[36mColor-6BZIO3FS-CCZaQxpx.js[39m[1m[2m[22m
[90m│[39m  [2m29.93 kB[22m[1m[22m[2m │ gzip:  11.36 kB[22m
[90m│[39m  [43mVite[49m
[90m│[39m  [2m../../../../../../var/folders/0p/68qtlpkn1r79wd56589dc6jc0000gn/T/chromatic--55884-caH5rJPRMqUr/[22m[2massets/[22m[36mWithTooltip-65CFNBJE-BjqPrOZQ.js[39m[1m[2m[22m
[90m│[39m  [2m33.07 kB[22m[1m[22m[2m │ gzip:  11.64 kB[22m
[90m│[39m  [43mVite[49m
[90m│[39m  [2m../../../../../../var/folders/0p/68qtlpkn1r79wd56589dc6jc0000gn/T/chromatic--55884-caH5rJPRMqUr/[22m[2massets/[22m[36msyntaxhighlighter-ED5Y7EFY-t84MRmMy.js[39m[1m[2m[22m
[90m│[39m  [2m78.05 kB[22m[1m[22m[2m │ gzip:  27.34 kB[22m
[90m│[39m  [43mVite[49m
[90m│[39m  [2m../../../../../../var/folders/0p/68qtlpkn1r79wd56589dc6jc0000gn/T/chromatic--55884-caH5rJPRMqUr/[22m[2massets/[22m[36mDocsRenderer-LL677BLK-CIi2FYLR.js[39m
[90m│[39m  [36m[39m[1m[2m182.28 kB[22m[1m[22m[2m │ gzip:  57.57 kB[22m
[90m│[39m  [43mVite[49m
[90m│[39m  [2m../../../../../../var/folders/0p/68qtlpkn1r79wd56589dc6jc0000gn/T/chromatic--55884-caH5rJPRMqUr/[22m[2massets/[22m[36mDialog.stories-BrocBt-u.js[39m
[90m│[39m  [36m[39m[1m[33m520.88 kB[39m[22m[2m │ gzip:  59.93 kB[22m
[90m│[39m  [43mVite[49m
[90m│[39m  [2m../../../../../../var/folders/0p/68qtlpkn1r79wd56589dc6jc0000gn/T/chromatic--55884-caH5rJPRMqUr/[22m[2massets/[22m[36maxe-d9UbSZVA.js[39m
[90m│[39m  [36m[39m[1m[33m579.71 kB[39m[22m[2m │ gzip: 159.60 kB[22m
[90m│[39m  [43mVite[49m
[90m│[39m  [2m../../../../../../var/folders/0p/68qtlpkn1r79wd56589dc6jc0000gn/T/chromatic--55884-caH5rJPRMqUr/[22m[2massets/[22m[36mblocks-kBlR8hlH.js[39m
[90m│[39m  [36m[39m[1m[33m815.35 kB[39m[22m[2m │ gzip: 261.16 kB[22m
[90m│[39m  [43mVite[49m
[90m│[39m  [2m../../../../../../var/folders/0p/68qtlpkn1r79wd56589dc6jc0000gn/T/chromatic--55884-caH5rJPRMqUr/[22m[2massets/[22m[36miframe-CwQsGQf3.js[39m
[90m│[39m  [36m[39m[1m[33m897.86 kB[39m[22m[2m │ gzip: 258.07 kB[22m
[90m│[39m
[33m▲[39m  [43mVite[49m[33m
[90m│[39m  (!) Some chunks are larger than 500 kB after minification. Consider:
[90m│[39m  - Using dynamic import() to code-split the application
[90m│[39m  - Use build.rollupOptions.output.manualChunks to improve chunking:
[90m│[39m  https://rollupjs.org/configuration-options/#output-manualchunks
[90m│[39m  - Adjust chunk size limit for this warning via
[90m│[39m  build.chunkSizeWarningLimit.[39m
[90m│[39m  [43mVite[49m [32m✓ built in 18.07s[39m
[90m│[39m
[32m◇[39m  Output directory:
[90m│[39m  /var/folders/0p/68qtlpkn1r79wd56589dc6jc0000gn/T/chromatic--55884-caH5rJPRMqUr
[90m│[39m
[90m└[39m  Storybook build completed successfully

